<?xml version="1.0" encoding="UTF-8"?>
<!-- Generated by org.testng.reporters.JUnitReportReporter -->
<testsuite hostname="Sameera" failures="0" tests="1" name="Jaya.AppiumTutorial.scrollDemo" time="12.904" errors="0" timestamp="2023-08-03T22:32:29 IST" skipped="0">
  <testcase classname="Jaya.AppiumTutorial.scrollDemo" name="appiumTest" time="12.904"/>
</testsuite> <!-- Jaya.AppiumTutorial.scrollDemo -->
