<?xml version="1.0" encoding="UTF-8"?>
<!-- Generated by org.testng.reporters.JUnitReportReporter -->
<testsuite hostname="Sameera" failures="0" tests="1" name="Jaya.AppiumTutorial.appiumBasic" time="7.919" errors="0" timestamp="2023-08-02T21:58:31 IST" skipped="0">
  <testcase classname="Jaya.AppiumTutorial.appiumBasic" name="appiumTest" time="7.919"/>
</testsuite> <!-- Jaya.AppiumTutorial.appiumBasic -->
