<?xml version="1.0" encoding="UTF-8"?>
<!-- Generated by org.testng.reporters.JUnitReportReporter -->
<testsuite hostname="Sameera" failures="0" tests="1" name="Jaya.AppiumTutorial.longpress" time="6.670" errors="0" timestamp="2023-08-03T21:28:26 IST" skipped="0">
  <testcase classname="Jaya.AppiumTutorial.longpress" name="appiumTest" time="6.670"/>
</testsuite> <!-- Jaya.AppiumTutorial.longpress -->
